<?xml version="1.0" encoding="UTF-8"?>
<testsuite name="com.example.groovybuild.ExampleUnitTest" tests="1" skipped="0" failures="0" errors="0" timestamp="2024-07-14T17:07:00" hostname="MacBookprodeMacBook-Pro.local" time="0.001">
  <properties/>
  <testcase name="addition_isCorrect" classname="com.example.groovybuild.ExampleUnitTest" time="0.001"/>
  <system-out><![CDATA[]]></system-out>
  <system-err><![CDATA[]]></system-err>
</testsuite>
